0 info it worked if it ends with ok
1 verbose cli [ '/home/andrew/.nvm/versions/node/v7.5.0/bin/node',
1 verbose cli   '/home/andrew/.nvm/versions/node/v7.5.0/bin/npm',
1 verbose cli   'run',
1 verbose cli   'dev' ]
2 info using npm@4.1.2
3 info using node@v7.5.0
4 verbose run-script [ 'predev', 'dev', 'postdev' ]
5 info lifecycle tvtracking@0.0.1~predev: tvtracking@0.0.1
6 silly lifecycle tvtracking@0.0.1~predev: no script for predev, continuing
7 info lifecycle tvtracking@0.0.1~dev: tvtracking@0.0.1
8 verbose lifecycle tvtracking@0.0.1~dev: unsafe-perm in lifecycle true
9 verbose lifecycle tvtracking@0.0.1~dev: PATH: /home/andrew/.nvm/versions/node/v7.5.0/lib/node_modules/npm/bin/node-gyp-bin:/home/andrew/Projects/WaveletQuotes/frontend/node_modules/.bin:/usr/local/gradle/bin:/home/andrew/.nvm/versions/node/v7.5.0/bin:/usr/local/gradle/bin:/usr/local/sbin:/usr/local/bin:/usr/sbin:/usr/bin:/sbin:/bin:/usr/games:/usr/local/games:/snap/bin:/usr/lib/jvm/java-8-oracle/bin:/usr/lib/jvm/java-8-oracle/db/bin:/usr/lib/jvm/java-8-oracle/jre/bin
10 verbose lifecycle tvtracking@0.0.1~dev: CWD: /home/andrew/Projects/WaveletQuotes/frontend
11 silly lifecycle tvtracking@0.0.1~dev: Args: [ '-c', 'nodemon devServer.js' ]
12 silly lifecycle tvtracking@0.0.1~dev: Returned: code: 1  signal: null
13 info lifecycle tvtracking@0.0.1~dev: Failed to exec dev script
14 verbose stack Error: tvtracking@0.0.1 dev: `nodemon devServer.js`
14 verbose stack Exit status 1
14 verbose stack     at EventEmitter.<anonymous> (/home/andrew/.nvm/versions/node/v7.5.0/lib/node_modules/npm/lib/utils/lifecycle.js:279:16)
14 verbose stack     at emitTwo (events.js:106:13)
14 verbose stack     at EventEmitter.emit (events.js:192:7)
14 verbose stack     at ChildProcess.<anonymous> (/home/andrew/.nvm/versions/node/v7.5.0/lib/node_modules/npm/lib/utils/spawn.js:40:14)
14 verbose stack     at emitTwo (events.js:106:13)
14 verbose stack     at ChildProcess.emit (events.js:192:7)
14 verbose stack     at maybeClose (internal/child_process.js:890:16)
14 verbose stack     at Process.ChildProcess._handle.onexit (internal/child_process.js:226:5)
15 verbose pkgid tvtracking@0.0.1
16 verbose cwd /home/andrew/Projects/WaveletQuotes/frontend
17 error Linux 4.4.0-92-generic
18 error argv "/home/andrew/.nvm/versions/node/v7.5.0/bin/node" "/home/andrew/.nvm/versions/node/v7.5.0/bin/npm" "run" "dev"
19 error node v7.5.0
20 error npm  v4.1.2
21 error code ELIFECYCLE
22 error tvtracking@0.0.1 dev: `nodemon devServer.js`
22 error Exit status 1
23 error Failed at the tvtracking@0.0.1 dev script 'nodemon devServer.js'.
23 error Make sure you have the latest version of node.js and npm installed.
23 error If you do, this is most likely a problem with the tvtracking package,
23 error not with npm itself.
23 error Tell the author that this fails on your system:
23 error     nodemon devServer.js
23 error You can get information on how to open an issue for this project with:
23 error     npm bugs tvtracking
23 error Or if that isn't available, you can get their info via:
23 error     npm owner ls tvtracking
23 error There is likely additional logging output above.
24 verbose exit [ 1, true ]
