0 info it worked if it ends with ok
1 verbose cli [ '/home/andrew/.nvm/versions/node/v7.5.0/bin/node',
1 verbose cli   '/home/andrew/.nvm/versions/node/v7.5.0/bin/npm',
1 verbose cli   'run',
1 verbose cli   'dev' ]
2 info using npm@4.1.2
3 info using node@v7.5.0
4 verbose stack Error: ENOENT: no such file or directory, open '/home/andrew/Projects/WaveletQuotes/package.json'
5 verbose cwd /home/andrew/Projects/WaveletQuotes
6 error Linux 4.4.0-92-generic
7 error argv "/home/andrew/.nvm/versions/node/v7.5.0/bin/node" "/home/andrew/.nvm/versions/node/v7.5.0/bin/npm" "run" "dev"
8 error node v7.5.0
9 error npm  v4.1.2
10 error path /home/andrew/Projects/WaveletQuotes/package.json
11 error code ENOENT
12 error errno -2
13 error syscall open
14 error enoent ENOENT: no such file or directory, open '/home/andrew/Projects/WaveletQuotes/package.json'
15 error enoent ENOENT: no such file or directory, open '/home/andrew/Projects/WaveletQuotes/package.json'
15 error enoent This is most likely not a problem with npm itself
15 error enoent and is related to npm not being able to find a file.
16 verbose exit [ -2, true ]
